Traceback (most recent call last):
  File "/Users/mehdimir/miniforge3/envs/jupyterbook/lib/python3.10/site-packages/jupyter_core/utils/__init__.py", line 154, in wrapped
    asyncio.get_running_loop()
RuntimeError: no running event loop

During handling of the above exception, another exception occurred:

Traceback (most recent call last):
  File "/Users/mehdimir/miniforge3/envs/jupyterbook/lib/python3.10/site-packages/jupyter_cache/executors/utils.py", line 58, in single_nb_execution
    executenb(
  File "/Users/mehdimir/miniforge3/envs/jupyterbook/lib/python3.10/site-packages/nbclient/client.py", line 1319, in execute
    return NotebookClient(nb=nb, resources=resources, km=km, **kwargs).execute()
  File "/Users/mehdimir/miniforge3/envs/jupyterbook/lib/python3.10/site-packages/jupyter_core/utils/__init__.py", line 158, in wrapped
    return loop.run_until_complete(inner)
  File "/Users/mehdimir/miniforge3/envs/jupyterbook/lib/python3.10/asyncio/base_events.py", line 649, in run_until_complete
    return future.result()
  File "/Users/mehdimir/miniforge3/envs/jupyterbook/lib/python3.10/site-packages/nbclient/client.py", line 709, in async_execute
    await self.async_execute_cell(
  File "/Users/mehdimir/miniforge3/envs/jupyterbook/lib/python3.10/site-packages/nbclient/client.py", line 1005, in async_execute_cell
    exec_reply = await self.task_poll_for_reply
  File "/Users/mehdimir/miniforge3/envs/jupyterbook/lib/python3.10/site-packages/nbclient/client.py", line 806, in _async_poll_for_reply
    error_on_timeout_execute_reply = await self._async_handle_timeout(timeout, cell)
  File "/Users/mehdimir/miniforge3/envs/jupyterbook/lib/python3.10/site-packages/nbclient/client.py", line 856, in _async_handle_timeout
    raise CellTimeoutError.error_from_timeout_and_cell(
nbclient.exceptions.CellTimeoutError: A cell timed out while it was being executed, after 30 seconds.
The message was: Cell execution timed out.
Here is a preview of the cell contents:
-------------------
["class_names = {0: 'T-shirt/top', 1: 'Trouser', 2: 'Pullover',", "               3: 'Dress', 4: 'Coat', 5:  'Sandal', 6: 'Shirt',", "               7: 'Sneaker', 8: 'Bag', 9: 'Ankle boot'}", '', '# Include all the classes you want to see in training']
...
['# Download the dataset and split it into training and testing sets', 'x_train, x_test, y_train, y_test = get_data(kept_classes)', '', '# One-hot encode the target labels of the training set', 'y_train = onehot_encoder(y_train, num_labels=len(kept_classes))']
-------------------

